#
# A fatal error has been detected by the Java Runtime Environment:
#
#  EXCEPTION_ACCESS_VIOLATION (0xc0000005) at pc=0x0000000064f18855, pid=15572, tid=15600
#
# JRE version: Java(TM) SE Runtime Environment (8.0_65-b17) (build 1.8.0_65-b17)
# Java VM: Java HotSpot(TM) 64-Bit Server VM (25.65-b01 mixed mode windows-amd64 compressed oops)
# Problematic frame:
# V  [jvm.dll+0x128855]
#
# Failed to write core dump. Minidumps are not enabled by default on client versions of Windows
#
# If you would like to submit a bug report, please visit:
#   http://bugreport.java.com/bugreport/crash.jsp
#

---------------  T H R E A D  ---------------

Current thread (0x000000001471e800):  JavaThread "JDWP Transport Listener: dt_socket" daemon [_thread_in_vm, id=15600, stack(0x0000000015720000,0x0000000015820000)]

siginfo: ExceptionCode=0xc0000005, reading address 0x000000000320e3bc

Registers:
RAX=0x000000001581f301, RBX=0x000000001471e800, RCX=0x000000000320e3bc, RDX=0x0000000000000000
RSP=0x000000001581f2f0, RBP=0x000000000320e3bc, RSI=0x000000001581f408, RDI=0x0000000002178cd0
R8 =0x000000001471e800, R9 =0x0000000000000000, R10=0x0000000000000000, R11=0x0000000000000064
R12=0x0000000000000000, R13=0x000000001471f038, R14=0x0000000000000000, R15=0x0000000000000000
RIP=0x0000000064f18855, EFLAGS=0x0000000000010202

Top of Stack: (sp=0x000000001581f2f0)
0x000000001581f2f0:   000000001471e800 000000001471e800
0x000000001581f300:   000000001581f3b8 000000006511e19b
0x000000001581f310:   000000001471e800 000000006513a9fd
0x000000001581f320:   0000000014784b90 0000000064d69155
0x000000001581f330:   000000001472f3b0 0000000064d7291e
0x000000001581f340:   000000001471e800 0000000000000000
0x000000001581f350:   0000000000000000 0000000000000000
0x000000001581f360:   000000000320e3bc 0000000064d71a15
0x000000001581f370:   000000001581f408 000000001581f3e0
0x000000001581f380:   0000000000000001 000000001472f3b0
0x000000001581f390:   000000000320e3bc 0000000064d553b3
0x000000001581f3a0:   000000001581f4d0 0000000000000001
0x000000001581f3b0:   0000000000000001 000000001472f3b0
0x000000001581f3c0:   000000000000000a 0000000000000000
0x000000001581f3d0:   0000000000000000 0000000000000000
0x000000001581f3e0:   0000000000000001 0000000064d55571 

Instructions: (pc=0x0000000064f18855)
0x0000000064f18835:   cc cc cc cc cc cc cc cc cc cc cc 48 83 ec 28 48
0x0000000064f18845:   85 c9 75 07 33 c0 48 83 c4 28 c3 48 89 5c 24 20
0x0000000064f18855:   48 8b 19 48 85 db 74 20 48 83 fb 37 74 1a 48 8b
0x0000000064f18865:   13 48 8b cb ff 52 10 84 c0 74 0d 48 8b c3 48 8b 


Register to memory mapping:

RAX=0x000000001581f301 is pointing into the stack for thread: 0x000000001471e800
RBX=0x000000001471e800 is a thread
RCX=0x000000000320e3bc is an unknown value
RDX=0x0000000000000000 is an unknown value
RSP=0x000000001581f2f0 is pointing into the stack for thread: 0x000000001471e800
RBP=0x000000000320e3bc is an unknown value
RSI=0x000000001581f408 is pointing into the stack for thread: 0x000000001471e800
RDI=0x0000000002178cd0 is an unknown value
R8 =0x000000001471e800 is a thread
R9 =0x0000000000000000 is an unknown value
R10=0x0000000000000000 is an unknown value
R11=0x0000000000000064 is an unknown value
R12=0x0000000000000000 is an unknown value
R13=0x000000001471f038 is an unknown value
R14=0x0000000000000000 is an unknown value
R15=0x0000000000000000 is an unknown value


Stack: [0x0000000015720000,0x0000000015820000],  sp=0x000000001581f2f0,  free space=1020k
Native frames: (J=compiled Java code, j=interpreted, Vv=VM code, C=native code)
V  [jvm.dll+0x128855]
V  [jvm.dll+0x34a9fd]
C  [jdwp.dll+0x21a15]
C  [jdwp.dll+0x53b3]
C  [jdwp.dll+0x5571]
C  [jdwp.dll+0xf0a8]
C  [jdwp.dll+0x1f2d5]
C  [jdwp.dll+0x1f4aa]
V  [jvm.dll+0x1bb8f8]
V  [jvm.dll+0x243144]
V  [jvm.dll+0x299f7a]
C  [msvcr100.dll+0x21d9f]
C  [msvcr100.dll+0x21e3b]
C  [KERNEL32.DLL+0x18102]
C  [ntdll.dll+0x5c5b4]


---------------  P R O C E S S  ---------------

Java Threads: ( => current thread )
  0x0000000014797800 JavaThread "Service Thread" daemon [_thread_blocked, id=16340, stack(0x0000000015c20000,0x0000000015d20000)]
  0x0000000014795800 JavaThread "C1 CompilerThread1" daemon [_thread_blocked, id=8052, stack(0x0000000015b20000,0x0000000015c20000)]
  0x000000001473d800 JavaThread "C2 CompilerThread0" daemon [_thread_blocked, id=9140, stack(0x0000000015a20000,0x0000000015b20000)]
  0x0000000014724000 JavaThread "JDWP Command Reader" daemon [_thread_in_native, id=15228, stack(0x0000000015920000,0x0000000015a20000)]
  0x0000000014720800 JavaThread "JDWP Event Helper Thread" daemon [_thread_blocked, id=14572, stack(0x0000000015820000,0x0000000015920000)]
=>0x000000001471e800 JavaThread "JDWP Transport Listener: dt_socket" daemon [_thread_in_vm, id=15600, stack(0x0000000015720000,0x0000000015820000)]
  0x000000001470d800 JavaThread "Attach Listener" daemon [_thread_blocked, id=5852, stack(0x0000000015620000,0x0000000015720000)]
  0x000000001470a800 JavaThread "Signal Dispatcher" daemon [_thread_blocked, id=2788, stack(0x0000000015520000,0x0000000015620000)]
  0x000000000236f000 JavaThread "Finalizer" daemon [_thread_blocked, id=14228, stack(0x0000000015340000,0x0000000015440000)]
  0x000000000236c800 JavaThread "Reference Handler" daemon [_thread_blocked, id=14376, stack(0x0000000015240000,0x0000000015340000)]
  0x0000000002282800 JavaThread "main" [_thread_in_native, id=2624, stack(0x0000000002180000,0x0000000002280000)]

Other Threads:
  0x00000000146d6000 VMThread [stack: 0x0000000015140000,0x0000000015240000] [id=11992]
  0x00000000147a0000 WatcherThread [stack: 0x0000000015d20000,0x0000000015e20000] [id=14540]

VM state:not at safepoint (normal execution)

VM Mutex/Monitor currently owned by a thread: None

Heap:
 PSYoungGen      total 18944K, used 1974K [0x00000000eb400000, 0x00000000ec900000, 0x0000000100000000)
  eden space 16384K, 12% used [0x00000000eb400000,0x00000000eb5eda98,0x00000000ec400000)
  from space 2560K, 0% used [0x00000000ec680000,0x00000000ec680000,0x00000000ec900000)
  to   space 2560K, 0% used [0x00000000ec400000,0x00000000ec400000,0x00000000ec680000)
 ParOldGen       total 44032K, used 0K [0x00000000c1c00000, 0x00000000c4700000, 0x00000000eb400000)
  object space 44032K, 0% used [0x00000000c1c00000,0x00000000c1c00000,0x00000000c4700000)
 Metaspace       used 3526K, capacity 4604K, committed 4864K, reserved 1056768K
  class space    used 400K, capacity 428K, committed 512K, reserved 1048576K

Card table byte_map: [0x0000000011740000,0x0000000011940000] byte_map_base: 0x0000000011132000

Marking Bits: (ParMarkBitMap*) 0x00000000655fa5b0
 Begin Bits: [0x0000000011c90000, 0x0000000012c20000)
 End Bits:   [0x0000000012c20000, 0x0000000013bb0000)

Polling page: 0x0000000000600000

CodeCache: size=245760Kb used=1195Kb max_used=1195Kb free=244564Kb
 bounds [0x0000000002380000, 0x00000000025f0000, 0x0000000011380000]
 total_blobs=309 nmethods=74 adapters=157
 compilation: enabled

Compilation events (10 events):
Event: 1.064 Thread 0x0000000014795800   70  s    3       java.io.BufferedInputStream::read (49 bytes)
Event: 1.064 Thread 0x0000000014795800 nmethod 70 0x00000000024a8550 code [0x00000000024a8700, 0x00000000024a8c78]
Event: 1.064 Thread 0x0000000014795800   71       3       java.io.DataInputStream::readInt (72 bytes)
Event: 1.065 Thread 0x0000000014795800 nmethod 71 0x00000000024a7bd0 code [0x00000000024a7d80, 0x00000000024a82e8]
Event: 1.067 Thread 0x0000000014795800   72       3       java.util.HashMap::newNode (13 bytes)
Event: 1.068 Thread 0x0000000014795800 nmethod 72 0x00000000024a7650 code [0x00000000024a77c0, 0x00000000024a7a70]
Event: 1.068 Thread 0x0000000014795800   73       3       java.util.HashMap::afterNodeInsertion (1 bytes)
Event: 1.068 Thread 0x0000000014795800 nmethod 73 0x00000000024a7350 code [0x00000000024a74a0, 0x00000000024a75f0]
Event: 1.068 Thread 0x0000000014795800   74       3       java.util.HashSet::add (20 bytes)
Event: 1.068 Thread 0x0000000014795800 nmethod 74 0x00000000024a6e90 code [0x00000000024a7000, 0x00000000024a72a8]

GC Heap History (0 events):
No events

Deoptimization events (0 events):
No events

Internal exceptions (6 events):
Event: 0.430 Thread 0x0000000002282800 Exception <a 'java/lang/NoSuchMethodError': Method sun.misc.Unsafe.defineClass(Ljava/lang/String;[BII)Ljava/lang/Class; name or signature does not match> (0x00000000eb413070) thrown at [C:\workspace\8-2-build-windows-amd64-cygwin\jdk8u65\4987\hotspot\src\sπQ≥Å€?
Event: 0.430 Thread 0x0000000002282800 Exception <a 'java/lang/NoSuchMethodError': Method sun.misc.Unsafe.prefetchRead(Ljava/lang/Object;J)V name or signature does not match> (0x00000000eb413358) thrown at [C:\workspace\8-2-build-windows-amd64-cygwin\jdk8u65\4987\hotspot\src\share\vm\prims\jni.˘yÉ\˚Æ?
Event: 1.043 Thread 0x0000000002282800 Exception <a 'java/security/PrivilegedActionException'> (0x00000000eb5b57c0) thrown at [C:\workspace\8-2-build-windows-amd64-cygwin\jdk8u65\4987\hotspot\src\share\vm\prims\jvm.cpp, line 1386]
Event: 1.043 Thread 0x0000000002282800 Exception <a 'java/security/PrivilegedActionException'> (0x00000000eb5b5bb8) thrown at [C:\workspace\8-2-build-windows-amd64-cygwin\jdk8u65\4987\hotspot\src\share\vm\prims\jvm.cpp, line 1386]
Event: 1.046 Thread 0x0000000002282800 Exception <a 'java/security/PrivilegedActionException'> (0x00000000eb5b9be8) thrown at [C:\workspace\8-2-build-windows-amd64-cygwin\jdk8u65\4987\hotspot\src\share\vm\prims\jvm.cpp, line 1386]
Event: 1.046 Thread 0x0000000002282800 Exception <a 'java/security/PrivilegedActionException'> (0x00000000eb5b9fe0) thrown at [C:\workspace\8-2-build-windows-amd64-cygwin\jdk8u65\4987\hotspot\src\share\vm\prims\jvm.cpp, line 1386]

Events (10 events):
Event: 33979.243 Executing VM operation: RedefineClasses
Event: 33979.248 Executing VM operation: RedefineClasses done
Event: 34345.501 Executing VM operation: RedefineClasses
Event: 34345.502 Executing VM operation: RedefineClasses done
Event: 34581.284 Executing VM operation: RedefineClasses
Event: 34581.285 Executing VM operation: RedefineClasses done
Event: 81023.174 Executing VM operation: RedefineClasses
Event: 81023.181 Executing VM operation: RedefineClasses done
Event: 81255.962 Executing VM operation: RedefineClasses
Event: 81255.963 Executing VM operation: RedefineClasses done


Dynamic libraries:
0x00007ff656d50000 - 0x00007ff656d87000 	C:\Program Files\Java\jdk1.8.0_65\bin\java.exe
0x00007ffe3ffa0000 - 0x00007ffe40161000 	C:\WINDOWS\SYSTEM32\ntdll.dll
0x00007ffe3ef90000 - 0x00007ffe3f03d000 	C:\WINDOWS\system32\KERNEL32.DLL
0x00007ffe3d000000 - 0x00007ffe3d1e8000 	C:\WINDOWS\system32\KERNELBASE.dll
0x00007ffe3fdf0000 - 0x00007ffe3fe97000 	C:\WINDOWS\system32\ADVAPI32.dll
0x00007ffe3ff00000 - 0x00007ffe3ff9d000 	C:\WINDOWS\system32\msvcrt.dll
0x00007ffe3d7a0000 - 0x00007ffe3d7fb000 	C:\WINDOWS\system32\sechost.dll
0x00007ffe3d680000 - 0x00007ffe3d79c000 	C:\WINDOWS\system32\RPCRT4.dll
0x00007ffe3d500000 - 0x00007ffe3d656000 	C:\WINDOWS\system32\USER32.dll
0x00007ffe3f700000 - 0x00007ffe3f886000 	C:\WINDOWS\system32\GDI32.dll
0x00007ffe31b80000 - 0x00007ffe31df4000 	C:\WINDOWS\WinSxS\amd64_microsoft.windows.common-controls_6595b64144ccf1df_6.0.10586.0_none_8c15ae12515e1c22\COMCTL32.dll
0x00007ffe3f480000 - 0x00007ffe3f6fd000 	C:\WINDOWS\system32\combase.dll
0x00007ffe3c6b0000 - 0x00007ffe3c71a000 	C:\WINDOWS\system32\bcryptPrimitives.dll
0x00007ffe3f150000 - 0x00007ffe3f18b000 	C:\WINDOWS\system32\IMM32.DLL
0x0000000065680000 - 0x0000000065752000 	C:\Program Files\Java\jdk1.8.0_65\jre\bin\msvcr100.dll
0x0000000064df0000 - 0x0000000065679000 	C:\Program Files\Java\jdk1.8.0_65\jre\bin\server\jvm.dll
0x00007ffe3f900000 - 0x00007ffe3f908000 	C:\WINDOWS\system32\PSAPI.DLL
0x00007ffe31670000 - 0x00007ffe31679000 	C:\WINDOWS\SYSTEM32\WSOCK32.dll
0x00007ffe3f1f0000 - 0x00007ffe3f25b000 	C:\WINDOWS\system32\WS2_32.dll
0x00007ffe3ac20000 - 0x00007ffe3ac43000 	C:\WINDOWS\SYSTEM32\WINMM.dll
0x00007ffe2f1e0000 - 0x00007ffe2f1ea000 	C:\WINDOWS\SYSTEM32\VERSION.dll
0x00007ffe3abc0000 - 0x00007ffe3abec000 	C:\WINDOWS\SYSTEM32\WINMMBASE.dll
0x00007ffe3d2a0000 - 0x00007ffe3d2e3000 	C:\WINDOWS\system32\cfgmgr32.dll
0x0000000064de0000 - 0x0000000064def000 	C:\Program Files\Java\jdk1.8.0_65\jre\bin\verify.dll
0x0000000064db0000 - 0x0000000064dd9000 	C:\Program Files\Java\jdk1.8.0_65\jre\bin\java.dll
0x0000000064d50000 - 0x0000000064d85000 	C:\Program Files\Java\jdk1.8.0_65\jre\bin\jdwp.dll
0x0000000064d40000 - 0x0000000064d48000 	C:\Program Files\Java\jdk1.8.0_65\jre\bin\npt.dll
0x0000000064d90000 - 0x0000000064da6000 	C:\Program Files\Java\jdk1.8.0_65\jre\bin\zip.dll
0x00007ffe3d800000 - 0x00007ffe3ed5c000 	C:\WINDOWS\system32\SHELL32.dll
0x00007ffe3c7e0000 - 0x00007ffe3ce25000 	C:\WINDOWS\system32\windows.storage.dll
0x00007ffe3fea0000 - 0x00007ffe3fef2000 	C:\WINDOWS\system32\shlwapi.dll
0x00007ffe3c640000 - 0x00007ffe3c64f000 	C:\WINDOWS\system32\kernel.appcore.dll
0x00007ffe3c720000 - 0x00007ffe3c7d5000 	C:\WINDOWS\system32\shcore.dll
0x00007ffe3c5f0000 - 0x00007ffe3c63b000 	C:\WINDOWS\system32\powrprof.dll
0x00007ffe3c5c0000 - 0x00007ffe3c5d4000 	C:\WINDOWS\system32\profapi.dll
0x0000000064d30000 - 0x0000000064d39000 	C:\Program Files\Java\jdk1.8.0_65\jre\bin\dt_socket.dll
0x00007ffe3be90000 - 0x00007ffe3beec000 	C:\WINDOWS\system32\mswsock.dll
0x00007ffe2ca90000 - 0x00007ffe2cc1c000 	C:\WINDOWS\SYSTEM32\dbghelp.dll

VM Arguments:
jvm_args: -agentlib:jdwp=transport=dt_socket,address=127.0.0.1:53041,suspend=y,server=n -Dfile.encoding=UTF-8 
java_command: RubikMatrix
java_class_path (initial): C:\Program Files\Java\jdk1.8.0_65\jre\lib\charsets.jar;C:\Program Files\Java\jdk1.8.0_65\jre\lib\deploy.jar;C:\Program Files\Java\jdk1.8.0_65\jre\lib\ext\access-bridge-64.jar;C:\Program Files\Java\jdk1.8.0_65\jre\lib\ext\cldrdata.jar;C:\Program Files\Java\jdk1.8.0_65\jre\lib\ext\dnsns.jar;C:\Program Files\Java\jdk1.8.0_65\jre\lib\ext\jaccess.jar;C:\Program Files\Java\jdk1.8.0_65\jre\lib\ext\jfxrt.jar;C:\Program Files\Java\jdk1.8.0_65\jre\lib\ext\localedata.jar;C:\Program Files\Java\jdk1.8.0_65\jre\lib\ext\nashorn.jar;C:\Program Files\Java\jdk1.8.0_65\jre\lib\ext\sunec.jar;C:\Program Files\Java\jdk1.8.0_65\jre\lib\ext\sunjce_provider.jar;C:\Program Files\Java\jdk1.8.0_65\jre\lib\ext\sunmscapi.jar;C:\Program Files\Java\jdk1.8.0_65\jre\lib\ext\sunpkcs11.jar;C:\Program Files\Java\jdk1.8.0_65\jre\lib\ext\zipfs.jar;C:\Program Files\Java\jdk1.8.0_65\jre\lib\javaws.jar;C:\Program Files\Java\jdk1.8.0_65\jre\lib\jce.jar;C:\Program Files\Java\jdk1.8.0_65\jre\lib\jfr.jar;C:\Program Files\Java\jdk1.8.0_65\jre\lib\jfxswt.jar;C:\Program Files\Java\jdk1.8.0_65\jre\lib\jsse.jar;C:\Program Files\Java\jdk1.8.0_65\jre\lib\management-agent.jar;C:\Program Files\Java\jdk1.8.0_65\jre\lib\plugin.jar;C:\Program Files\Java\jdk1.8.0_65\jre\lib\resources.jar;C:\Program Files\Java\jdk1.8.0_65\jre\lib\rt.jar;C:\Users\tanya\Documents\GitHub\ExAMS\out\production\ExAMS;C:\Program Files (x86)\JetBrains\IntelliJ IDEA Community Edition 15.0.2\lib\idea_rt.jar
Launcher Type: SUN_STANDARD

Environment Variables:
PATH=C:\ProgramData\Oracle\Java\javapath;C:\Program Files (x86)\Common Files\Intel\Shared Files\cpp\bin\Intel64;C:\Windows\Microsoft.NET\Framework64\v4.0.30319;C:\Program Files\Microsoft SQL Server\110\Tools\Binn\;C:\Program Files (x86)\Microsoft SDKs\TypeScript\1.0\;C:\Program Files (x86)\Clean Project\;C:\Program Files (x86)\Skype\Phone\;C:\Program Files (x86)\Microsoft SQL Server\Client SDK\ODBC\110\Tools\Binn\;C:\Program Files (x86)\Microsoft SQL Server\120\Tools\Binn\ManagementStudio\;C:\Program Files (x86)\Microsoft SQL Server\120\Tools\Binn\;C:\Program Files (x86)\Microsoft SQL Server\120\DTS\Binn\;C:\Program Files (x86)\Heroku\bin;C:\Program Files (x86)\git\cmd;C:\Program Files\MongoDB\Server\3.0\bin;C:\Program Files\Microsoft\Web Platform Installer\;C:\Program Files\nodejs\;C:\WINDOWS\system32\config\systemprofile\.dnx\bin;C:\Program Files\Microsoft DNX\Dnvm;C:\Program Files\Java\jdk1.8.0_65\bin;C:\Program Files (x86)\Windows Kits\8.1\Windows Performance Toolkit\;C:\Program Files\TortoiseSVN\bin;C:\WINDOWS\system32;C:\WINDOWS;C:\WINDOWS\System32\Wbem;C:\WINDOWS\System32\WindowsPowerShell\v1.0\;C:\Program Files\TortoiseGit\bin;C:\Python\Python35-32\Scripts\;C:\Python\Python35-32\;C:\Users\tanya\AppData\Roaming\npm;C:\Users\tanya\AppData\Roaming\Microsoft\Windows\Start Menu\Programs\Python 3.5
USERNAME=tanya
OS=Windows_NT
PROCESSOR_IDENTIFIER=Intel64 Family 6 Model 55 Stepping 8, GenuineIntel



---------------  S Y S T E M  ---------------

OS: Windows 10.0 , 64 bit Build 10586 (10.0.10586.0)

CPU:total 2 (2 cores per cpu, 1 threads per core) family 6 model 55 stepping 8, cmov, cx8, fxsr, mmx, sse, sse2, sse3, ssse3, sse4.1, sse4.2, popcnt, clmul, erms, 3dnowpref, tsc, tscinvbit

Memory: 4k page, physical 4074704k(793044k free), swap 12463312k(5080404k free)

vm_info: Java HotSpot(TM) 64-Bit Server VM (25.65-b01) for windows-amd64 JRE (1.8.0_65-b17), built on Oct  6 2015 16:39:20 by "java_re" with MS VC++ 10.0 (VS2010)

time: Wed Apr 13 21:18:47 2016
elapsed time: 81314 seconds (0d 22h 35m 14s)

