#
# A fatal error has been detected by the Java Runtime Environment:
#
#  EXCEPTION_ACCESS_VIOLATION (0xc0000005) at pc=0x000000005e468855, pid=14420, tid=11660
#
# JRE version: Java(TM) SE Runtime Environment (8.0_65-b17) (build 1.8.0_65-b17)
# Java VM: Java HotSpot(TM) 64-Bit Server VM (25.65-b01 mixed mode windows-amd64 compressed oops)
# Problematic frame:
# V  [jvm.dll+0x128855]
#
# Failed to write core dump. Minidumps are not enabled by default on client versions of Windows
#
# If you would like to submit a bug report, please visit:
#   http://bugreport.java.com/bugreport/crash.jsp
#

---------------  T H R E A D  ---------------

Current thread (0x000000001464e800):  JavaThread "JDWP Transport Listener: dt_socket" daemon [_thread_in_vm, id=11660, stack(0x0000000015670000,0x0000000015770000)]

siginfo: ExceptionCode=0xc0000005, reading address 0x000000796d72416e

Registers:
RAX=0x000000001576f401, RBX=0x000000001464e800, RCX=0x000000796d72416e, RDX=0x0000000000000000
RSP=0x000000001576f420, RBP=0x000000796d72416e, RSI=0x000000001576f538, RDI=0x00000000021a8cd0
R8 =0x000000001464e800, R9 =0x0000000000000000, R10=0x0000000000000000, R11=0x0000000000000064
R12=0x0000000000000000, R13=0x000000001464f038, R14=0x0000000000000000, R15=0x0000000000000000
RIP=0x000000005e468855, EFLAGS=0x0000000000010202

Top of Stack: (sp=0x000000001576f420)
0x000000001576f420:   000000001464e800 000000001464e800
0x000000001576f430:   000000001576f4e8 000000005e66e19b
0x000000001576f440:   000000001464e800 000000005e68a9fd
0x000000001576f450:   0000000000000000 000000005e2b9155
0x000000001576f460:   0000000015d46228 000000005e2c291e
0x000000001576f470:   000000001464e800 0000000000000000
0x000000001576f480:   0000000000000000 0000000000000000
0x000000001576f490:   000000796d72416e 000000005e2c1a15
0x000000001576f4a0:   000000001576f538 000000001576f510
0x000000001576f4b0:   0000000000000001 0000000015d46228
0x000000001576f4c0:   000000796d72416e 000000005e2a53b3
0x000000001576f4d0:   000000001576f600 0000000000000001
0x000000001576f4e0:   0000000000000001 0000000015d46228
0x000000001576f4f0:   0000000000000009 0000000000000000
0x000000001576f500:   0000000000000000 0000000000000000
0x000000001576f510:   0000000000000001 000000005e2a5571 

Instructions: (pc=0x000000005e468855)
0x000000005e468835:   cc cc cc cc cc cc cc cc cc cc cc 48 83 ec 28 48
0x000000005e468845:   85 c9 75 07 33 c0 48 83 c4 28 c3 48 89 5c 24 20
0x000000005e468855:   48 8b 19 48 85 db 74 20 48 83 fb 37 74 1a 48 8b
0x000000005e468865:   13 48 8b cb ff 52 10 84 c0 74 0d 48 8b c3 48 8b 


Register to memory mapping:

RAX=0x000000001576f401 is pointing into the stack for thread: 0x000000001464e800
RBX=0x000000001464e800 is a thread
RCX=0x000000796d72416e is an unknown value
RDX=0x0000000000000000 is an unknown value
RSP=0x000000001576f420 is pointing into the stack for thread: 0x000000001464e800
RBP=0x000000796d72416e is an unknown value
RSI=0x000000001576f538 is pointing into the stack for thread: 0x000000001464e800
RDI=0x00000000021a8cd0 is an unknown value
R8 =0x000000001464e800 is a thread
R9 =0x0000000000000000 is an unknown value
R10=0x0000000000000000 is an unknown value
R11=0x0000000000000064 is an unknown value
R12=0x0000000000000000 is an unknown value
R13=0x000000001464f038 is an unknown value
R14=0x0000000000000000 is an unknown value
R15=0x0000000000000000 is an unknown value


Stack: [0x0000000015670000,0x0000000015770000],  sp=0x000000001576f420,  free space=1021k
Native frames: (J=compiled Java code, j=interpreted, Vv=VM code, C=native code)
V  [jvm.dll+0x128855]
V  [jvm.dll+0x34a9fd]
C  [jdwp.dll+0x21a15]
C  [jdwp.dll+0x53b3]
C  [jdwp.dll+0x5571]
C  [jdwp.dll+0xf0a8]
C  [jdwp.dll+0x1f2d5]
C  [jdwp.dll+0x1f4aa]
V  [jvm.dll+0x1bb8f8]
V  [jvm.dll+0x243144]
V  [jvm.dll+0x299f7a]
C  [msvcr100.dll+0x21d9f]
C  [msvcr100.dll+0x21e3b]
C  [KERNEL32.DLL+0x18102]
C  [ntdll.dll+0x5c5b4]


---------------  P R O C E S S  ---------------

Java Threads: ( => current thread )
  0x00000000146ca000 JavaThread "Service Thread" daemon [_thread_blocked, id=7436, stack(0x0000000015b70000,0x0000000015c70000)]
  0x00000000146c6000 JavaThread "C1 CompilerThread1" daemon [_thread_blocked, id=10012, stack(0x0000000015a70000,0x0000000015b70000)]
  0x000000001466e800 JavaThread "C2 CompilerThread0" daemon [_thread_blocked, id=10840, stack(0x0000000015970000,0x0000000015a70000)]
  0x0000000014654000 JavaThread "JDWP Command Reader" daemon [_thread_in_native, id=10252, stack(0x0000000015870000,0x0000000015970000)]
  0x0000000014650800 JavaThread "JDWP Event Helper Thread" daemon [_thread_blocked, id=9276, stack(0x0000000015770000,0x0000000015870000)]
=>0x000000001464e800 JavaThread "JDWP Transport Listener: dt_socket" daemon [_thread_in_vm, id=11660, stack(0x0000000015670000,0x0000000015770000)]
  0x000000001463d800 JavaThread "Attach Listener" daemon [_thread_blocked, id=14816, stack(0x0000000015570000,0x0000000015670000)]
  0x000000001463a800 JavaThread "Signal Dispatcher" daemon [_thread_blocked, id=5212, stack(0x0000000015470000,0x0000000015570000)]
  0x00000000022a4800 JavaThread "Finalizer" daemon [_thread_blocked, id=10480, stack(0x0000000015290000,0x0000000015390000)]
  0x000000000229c800 JavaThread "Reference Handler" daemon [_thread_blocked, id=11276, stack(0x0000000015190000,0x0000000015290000)]
  0x00000000021b2800 JavaThread "main" [_thread_blocked, id=10116, stack(0x0000000002040000,0x0000000002140000)]

Other Threads:
  0x0000000014606000 VMThread [stack: 0x0000000015090000,0x0000000015190000] [id=14520]
  0x00000000146d8000 WatcherThread [stack: 0x0000000016070000,0x0000000016170000] [id=9724]

VM state:not at safepoint (normal execution)

VM Mutex/Monitor currently owned by a thread: None

Heap:
 PSYoungGen      total 18944K, used 1974K [0x00000000eb400000, 0x00000000ec900000, 0x0000000100000000)
  eden space 16384K, 12% used [0x00000000eb400000,0x00000000eb5eda50,0x00000000ec400000)
  from space 2560K, 0% used [0x00000000ec680000,0x00000000ec680000,0x00000000ec900000)
  to   space 2560K, 0% used [0x00000000ec400000,0x00000000ec400000,0x00000000ec680000)
 ParOldGen       total 44032K, used 0K [0x00000000c1c00000, 0x00000000c4700000, 0x00000000eb400000)
  object space 44032K, 0% used [0x00000000c1c00000,0x00000000c1c00000,0x00000000c4700000)
 Metaspace       used 3517K, capacity 4604K, committed 4864K, reserved 1056768K
  class space    used 400K, capacity 428K, committed 512K, reserved 1048576K

Card table byte_map: [0x0000000011670000,0x0000000011870000] byte_map_base: 0x0000000011062000

Marking Bits: (ParMarkBitMap*) 0x000000005eb4a5b0
 Begin Bits: [0x0000000011bc0000, 0x0000000012b50000)
 End Bits:   [0x0000000012b50000, 0x0000000013ae0000)

Polling page: 0x00000000004c0000

CodeCache: size=245760Kb used=1211Kb max_used=1211Kb free=244548Kb
 bounds [0x00000000022b0000, 0x0000000002520000, 0x00000000112b0000]
 total_blobs=312 nmethods=77 adapters=157
 compilation: enabled

Compilation events (10 events):
Event: 1.564 Thread 0x00000000146c6000   73       3       java.io.DataInputStream::readInt (72 bytes)
Event: 1.564 Thread 0x00000000146c6000 nmethod 73 0x00000000023d8490 code [0x00000000023d8640, 0x00000000023d8ba8]
Event: 1.586 Thread 0x00000000146c6000   74       3       java.util.StringTokenizer::scanToken (179 bytes)
Event: 1.589 Thread 0x00000000146c6000 nmethod 74 0x00000000023da850 code [0x00000000023daae0, 0x00000000023dbe18]
Event: 1.589 Thread 0x00000000146c6000   76       3       java.util.StringTokenizer::skipDelimiters (116 bytes)
Event: 1.590 Thread 0x00000000146c6000 nmethod 76 0x00000000023dc610 code [0x00000000023dc820, 0x00000000023dd3f8]
Event: 1.590 Thread 0x00000000146c6000   75       3       java.util.HashSet::add (20 bytes)
Event: 1.591 Thread 0x00000000146c6000 nmethod 75 0x00000000023d7fd0 code [0x00000000023d8140, 0x00000000023d83e8]
Event: 2.769 Thread 0x00000000146c6000   77       3       java.util.HashMap::getNode (148 bytes)
Event: 2.771 Thread 0x00000000146c6000 nmethod 77 0x00000000023ddf10 code [0x00000000023de0e0, 0x00000000023deaa8]

GC Heap History (0 events):
No events

Deoptimization events (0 events):
No events

Internal exceptions (6 events):
Event: 0.219 Thread 0x00000000021b2800 Exception <a 'java/lang/NoSuchMethodError': Method sun.misc.Unsafe.defineClass(Ljava/lang/String;[BII)Ljava/lang/Class; name or signature does not match> (0x00000000eb413070) thrown at [C:\workspace\8-2-build-windows-amd64-cygwin\jdk8u65\4987\hotspot\src\sGú¢,	Ì?
Event: 0.219 Thread 0x00000000021b2800 Exception <a 'java/lang/NoSuchMethodError': Method sun.misc.Unsafe.prefetchRead(Ljava/lang/Object;J)V name or signature does not match> (0x00000000eb413358) thrown at [C:\workspace\8-2-build-windows-amd64-cygwin\jdk8u65\4987\hotspot\src\share\vm\prims\jni.vÍ“yú÷?
Event: 1.444 Thread 0x00000000021b2800 Exception <a 'java/security/PrivilegedActionException'> (0x00000000eb5b5688) thrown at [C:\workspace\8-2-build-windows-amd64-cygwin\jdk8u65\4987\hotspot\src\share\vm\prims\jvm.cpp, line 1386]
Event: 1.444 Thread 0x00000000021b2800 Exception <a 'java/security/PrivilegedActionException'> (0x00000000eb5b5a80) thrown at [C:\workspace\8-2-build-windows-amd64-cygwin\jdk8u65\4987\hotspot\src\share\vm\prims\jvm.cpp, line 1386]
Event: 1.475 Thread 0x00000000021b2800 Exception <a 'java/security/PrivilegedActionException'> (0x00000000eb5b9ab0) thrown at [C:\workspace\8-2-build-windows-amd64-cygwin\jdk8u65\4987\hotspot\src\share\vm\prims\jvm.cpp, line 1386]
Event: 1.475 Thread 0x00000000021b2800 Exception <a 'java/security/PrivilegedActionException'> (0x00000000eb5b9ea8) thrown at [C:\workspace\8-2-build-windows-amd64-cygwin\jdk8u65\4987\hotspot\src\share\vm\prims\jvm.cpp, line 1386]

Events (10 events):
Event: 297.010 Executing VM operation: ChangeBreakpoints
Event: 297.010 Executing VM operation: ChangeBreakpoints done
Event: 47525.412 Executing VM operation: ChangeBreakpoints
Event: 47525.412 Executing VM operation: ChangeBreakpoints done
Event: 47525.528 Executing VM operation: ChangeBreakpoints
Event: 47525.529 Executing VM operation: ChangeBreakpoints done
Event: 47553.512 Executing VM operation: ChangeBreakpoints
Event: 47553.512 Executing VM operation: ChangeBreakpoints done
Event: 48879.721 Executing VM operation: RedefineClasses
Event: 48879.726 Executing VM operation: RedefineClasses done


Dynamic libraries:
0x00007ff6c4cf0000 - 0x00007ff6c4d27000 	C:\Program Files\Java\jdk1.8.0_65\bin\java.exe
0x00007ff884f70000 - 0x00007ff885131000 	C:\WINDOWS\SYSTEM32\ntdll.dll
0x00007ff882c80000 - 0x00007ff882d2d000 	C:\WINDOWS\system32\KERNEL32.DLL
0x00007ff881fe0000 - 0x00007ff8821c8000 	C:\WINDOWS\system32\KERNELBASE.dll
0x00007ff882660000 - 0x00007ff882707000 	C:\WINDOWS\system32\ADVAPI32.dll
0x00007ff882be0000 - 0x00007ff882c7d000 	C:\WINDOWS\system32\msvcrt.dll
0x00007ff882710000 - 0x00007ff88276b000 	C:\WINDOWS\system32\sechost.dll
0x00007ff884d90000 - 0x00007ff884eac000 	C:\WINDOWS\system32\RPCRT4.dll
0x00007ff882500000 - 0x00007ff882656000 	C:\WINDOWS\system32\USER32.dll
0x00007ff882370000 - 0x00007ff8824f6000 	C:\WINDOWS\system32\GDI32.dll
0x00007ff871d40000 - 0x00007ff871fb4000 	C:\WINDOWS\WinSxS\amd64_microsoft.windows.common-controls_6595b64144ccf1df_6.0.10586.0_none_8c15ae12515e1c22\COMCTL32.dll
0x00007ff882900000 - 0x00007ff882b7d000 	C:\WINDOWS\system32\combase.dll
0x00007ff881620000 - 0x00007ff88168a000 	C:\WINDOWS\system32\bcryptPrimitives.dll
0x00007ff882770000 - 0x00007ff8827ab000 	C:\WINDOWS\system32\IMM32.DLL
0x000000005ebd0000 - 0x000000005eca2000 	C:\Program Files\Java\jdk1.8.0_65\jre\bin\msvcr100.dll
0x000000005e340000 - 0x000000005ebc9000 	C:\Program Files\Java\jdk1.8.0_65\jre\bin\server\jvm.dll
0x00007ff884830000 - 0x00007ff884838000 	C:\WINDOWS\system32\PSAPI.DLL
0x00007ff87e190000 - 0x00007ff87e199000 	C:\WINDOWS\SYSTEM32\WSOCK32.dll
0x00007ff8830d0000 - 0x00007ff88313b000 	C:\WINDOWS\system32\WS2_32.dll
0x00007ff87fa00000 - 0x00007ff87fa23000 	C:\WINDOWS\SYSTEM32\WINMM.dll
0x00007ff87f270000 - 0x00007ff87f27a000 	C:\WINDOWS\SYSTEM32\VERSION.dll
0x00007ff87f9a0000 - 0x00007ff87f9cc000 	C:\WINDOWS\SYSTEM32\WINMMBASE.dll
0x00007ff881f90000 - 0x00007ff881fd3000 	C:\WINDOWS\system32\cfgmgr32.dll
0x000000005e330000 - 0x000000005e33f000 	C:\Program Files\Java\jdk1.8.0_65\jre\bin\verify.dll
0x000000005e300000 - 0x000000005e329000 	C:\Program Files\Java\jdk1.8.0_65\jre\bin\java.dll
0x000000005e2a0000 - 0x000000005e2d5000 	C:\Program Files\Java\jdk1.8.0_65\jre\bin\jdwp.dll
0x000000005e290000 - 0x000000005e298000 	C:\Program Files\Java\jdk1.8.0_65\jre\bin\npt.dll
0x000000005e2e0000 - 0x000000005e2f6000 	C:\Program Files\Java\jdk1.8.0_65\jre\bin\zip.dll
0x00007ff883140000 - 0x00007ff88469c000 	C:\WINDOWS\system32\SHELL32.dll
0x00007ff881690000 - 0x00007ff881cd5000 	C:\WINDOWS\system32\windows.storage.dll
0x00007ff8846a0000 - 0x00007ff8846f2000 	C:\WINDOWS\system32\shlwapi.dll
0x00007ff881610000 - 0x00007ff88161f000 	C:\WINDOWS\system32\kernel.appcore.dll
0x00007ff881ce0000 - 0x00007ff881d95000 	C:\WINDOWS\system32\shcore.dll
0x00007ff8815c0000 - 0x00007ff88160b000 	C:\WINDOWS\system32\powrprof.dll
0x00007ff881590000 - 0x00007ff8815a4000 	C:\WINDOWS\system32\profapi.dll
0x000000005e240000 - 0x000000005e249000 	C:\Program Files\Java\jdk1.8.0_65\jre\bin\dt_socket.dll
0x00007ff880e60000 - 0x00007ff880ebc000 	C:\WINDOWS\system32\mswsock.dll
0x00007ff87e2f0000 - 0x00007ff87e47c000 	C:\WINDOWS\SYSTEM32\dbghelp.dll

VM Arguments:
jvm_args: -agentlib:jdwp=transport=dt_socket,address=127.0.0.1:51885,suspend=y,server=n -Dfile.encoding=UTF-8 
java_command: DraginArmy
java_class_path (initial): C:\Program Files\Java\jdk1.8.0_65\jre\lib\charsets.jar;C:\Program Files\Java\jdk1.8.0_65\jre\lib\deploy.jar;C:\Program Files\Java\jdk1.8.0_65\jre\lib\ext\access-bridge-64.jar;C:\Program Files\Java\jdk1.8.0_65\jre\lib\ext\cldrdata.jar;C:\Program Files\Java\jdk1.8.0_65\jre\lib\ext\dnsns.jar;C:\Program Files\Java\jdk1.8.0_65\jre\lib\ext\jaccess.jar;C:\Program Files\Java\jdk1.8.0_65\jre\lib\ext\jfxrt.jar;C:\Program Files\Java\jdk1.8.0_65\jre\lib\ext\localedata.jar;C:\Program Files\Java\jdk1.8.0_65\jre\lib\ext\nashorn.jar;C:\Program Files\Java\jdk1.8.0_65\jre\lib\ext\sunec.jar;C:\Program Files\Java\jdk1.8.0_65\jre\lib\ext\sunjce_provider.jar;C:\Program Files\Java\jdk1.8.0_65\jre\lib\ext\sunmscapi.jar;C:\Program Files\Java\jdk1.8.0_65\jre\lib\ext\sunpkcs11.jar;C:\Program Files\Java\jdk1.8.0_65\jre\lib\ext\zipfs.jar;C:\Program Files\Java\jdk1.8.0_65\jre\lib\javaws.jar;C:\Program Files\Java\jdk1.8.0_65\jre\lib\jce.jar;C:\Program Files\Java\jdk1.8.0_65\jre\lib\jfr.jar;C:\Program Files\Java\jdk1.8.0_65\jre\lib\jfxswt.jar;C:\Program Files\Java\jdk1.8.0_65\jre\lib\jsse.jar;C:\Program Files\Java\jdk1.8.0_65\jre\lib\management-agent.jar;C:\Program Files\Java\jdk1.8.0_65\jre\lib\plugin.jar;C:\Program Files\Java\jdk1.8.0_65\jre\lib\resources.jar;C:\Program Files\Java\jdk1.8.0_65\jre\lib\rt.jar;C:\Users\tanya\Documents\GitHub\ExAMS\out\production\ExAMS;C:\Program Files (x86)\JetBrains\IntelliJ IDEA Community Edition 15.0.2\lib\idea_rt.jar
Launcher Type: SUN_STANDARD

Environment Variables:
PATH=C:\ProgramData\Oracle\Java\javapath;C:\Program Files (x86)\Common Files\Intel\Shared Files\cpp\bin\Intel64;C:\Windows\Microsoft.NET\Framework64\v4.0.30319;C:\Program Files\Microsoft SQL Server\110\Tools\Binn\;C:\Program Files (x86)\Microsoft SDKs\TypeScript\1.0\;C:\Program Files (x86)\Clean Project\;C:\Program Files (x86)\Skype\Phone\;C:\Program Files (x86)\Microsoft SQL Server\Client SDK\ODBC\110\Tools\Binn\;C:\Program Files (x86)\Microsoft SQL Server\120\Tools\Binn\ManagementStudio\;C:\Program Files (x86)\Microsoft SQL Server\120\Tools\Binn\;C:\Program Files (x86)\Microsoft SQL Server\120\DTS\Binn\;C:\Program Files (x86)\Heroku\bin;C:\Program Files (x86)\git\cmd;C:\Program Files\MongoDB\Server\3.0\bin;C:\Program Files\Microsoft\Web Platform Installer\;C:\Program Files\nodejs\;C:\WINDOWS\system32\config\systemprofile\.dnx\bin;C:\Program Files\Microsoft DNX\Dnvm;C:\Program Files\Java\jdk1.8.0_65\bin;C:\Program Files (x86)\Windows Kits\8.1\Windows Performance Toolkit\;C:\Program Files\TortoiseSVN\bin;C:\WINDOWS\system32;C:\WINDOWS;C:\WINDOWS\System32\Wbem;C:\WINDOWS\System32\WindowsPowerShell\v1.0\;C:\Program Files\TortoiseGit\bin;C:\Python\Python35-32\Scripts\;C:\Python\Python35-32\;C:\Users\tanya\AppData\Roaming\npm;C:\Users\tanya\AppData\Roaming\Microsoft\Windows\Start Menu\Programs\Python 3.5
USERNAME=tanya
OS=Windows_NT
PROCESSOR_IDENTIFIER=Intel64 Family 6 Model 55 Stepping 8, GenuineIntel



---------------  S Y S T E M  ---------------

OS: Windows 10.0 , 64 bit Build 10586 (10.0.10586.0)

CPU:total 2 (2 cores per cpu, 1 threads per core) family 6 model 55 stepping 8, cmov, cx8, fxsr, mmx, sse, sse2, sse3, ssse3, sse4.1, sse4.2, popcnt, clmul, erms, 3dnowpref, tsc, tscinvbit

Memory: 4k page, physical 4074704k(954340k free), swap 12463312k(3971056k free)

vm_info: Java HotSpot(TM) 64-Bit Server VM (25.65-b01) for windows-amd64 JRE (1.8.0_65-b17), built on Oct  6 2015 16:39:20 by "java_re" with MS VC++ 10.0 (VS2010)

time: Wed Apr 20 21:56:27 2016
elapsed time: 48880 seconds (0d 13h 34m 40s)

