#
# A fatal error has been detected by the Java Runtime Environment:
#
#  EXCEPTION_ACCESS_VIOLATION (0xc0000005) at pc=0x0000000064f18855, pid=10064, tid=7152
#
# JRE version: Java(TM) SE Runtime Environment (8.0_65-b17) (build 1.8.0_65-b17)
# Java VM: Java HotSpot(TM) 64-Bit Server VM (25.65-b01 mixed mode windows-amd64 compressed oops)
# Problematic frame:
# V  [jvm.dll+0x128855]
#
# Failed to write core dump. Minidumps are not enabled by default on client versions of Windows
#
# If you would like to submit a bug report, please visit:
#   http://bugreport.java.com/bugreport/crash.jsp
#

---------------  T H R E A D  ---------------

Current thread (0x000000001463e800):  JavaThread "JDWP Transport Listener: dt_socket" daemon [_thread_in_vm, id=7152, stack(0x0000000015640000,0x0000000015740000)]

siginfo: ExceptionCode=0xc0000005, reading address 0xffffffffffffffff

Registers:
RAX=0x000000001573f301, RBX=0x000000001463e800, RCX=0x921ce603b61712dc, RDX=0x0000000000000000
RSP=0x000000001573f350, RBP=0x921ce603b61712dc, RSI=0x000000001573f468, RDI=0x0000000002178cd0
R8 =0x000000001463e800, R9 =0x0000000000000000, R10=0x0000000000000000, R11=0x0000000000000064
R12=0x0000000000000000, R13=0x000000001463f038, R14=0x0000000000000000, R15=0x0000000000000000
RIP=0x0000000064f18855, EFLAGS=0x0000000000010282

Top of Stack: (sp=0x000000001573f350)
0x000000001573f350:   000000001463e800 000000001463e800
0x000000001573f360:   000000001573f418 000000006511e19b
0x000000001573f370:   000000001463e800 000000006513a9fd
0x000000001573f380:   0000000000000000 0000000064d69155
0x000000001573f390:   0000000014655a98 0000000064d7291e
0x000000001573f3a0:   000000001463e800 0000000000000000
0x000000001573f3b0:   0000000000000000 0000000000000000
0x000000001573f3c0:   921ce603b61712dc 0000000064d71a15
0x000000001573f3d0:   000000001573f468 000000001573f440
0x000000001573f3e0:   0000000000000001 0000000014655a98
0x000000001573f3f0:   921ce603b61712dc 0000000064d553b3
0x000000001573f400:   000000001573f530 0000000000000001
0x000000001573f410:   0000000000000001 0000000014655a98
0x000000001573f420:   000000000000000a 0000000000000000
0x000000001573f430:   0000000000000000 0000000000000000
0x000000001573f440:   0000000000000001 0000000064d55571 

Instructions: (pc=0x0000000064f18855)
0x0000000064f18835:   cc cc cc cc cc cc cc cc cc cc cc 48 83 ec 28 48
0x0000000064f18845:   85 c9 75 07 33 c0 48 83 c4 28 c3 48 89 5c 24 20
0x0000000064f18855:   48 8b 19 48 85 db 74 20 48 83 fb 37 74 1a 48 8b
0x0000000064f18865:   13 48 8b cb ff 52 10 84 c0 74 0d 48 8b c3 48 8b 


Register to memory mapping:

RAX=0x000000001573f301 is pointing into the stack for thread: 0x000000001463e800
RBX=0x000000001463e800 is a thread
RCX=0x921ce603b61712dc is an unknown value
RDX=0x0000000000000000 is an unknown value
RSP=0x000000001573f350 is pointing into the stack for thread: 0x000000001463e800
RBP=0x921ce603b61712dc is an unknown value
RSI=0x000000001573f468 is pointing into the stack for thread: 0x000000001463e800
RDI=0x0000000002178cd0 is an unknown value
R8 =0x000000001463e800 is a thread
R9 =0x0000000000000000 is an unknown value
R10=0x0000000000000000 is an unknown value
R11=0x0000000000000064 is an unknown value
R12=0x0000000000000000 is an unknown value
R13=0x000000001463f038 is an unknown value
R14=0x0000000000000000 is an unknown value
R15=0x0000000000000000 is an unknown value


Stack: [0x0000000015640000,0x0000000015740000],  sp=0x000000001573f350,  free space=1020k
Native frames: (J=compiled Java code, j=interpreted, Vv=VM code, C=native code)
V  [jvm.dll+0x128855]
V  [jvm.dll+0x34a9fd]
C  [jdwp.dll+0x21a15]
C  [jdwp.dll+0x53b3]
C  [jdwp.dll+0x5571]
C  [jdwp.dll+0xf0a8]
C  [jdwp.dll+0x1f2d5]
C  [jdwp.dll+0x1f4aa]
V  [jvm.dll+0x1bb8f8]
V  [jvm.dll+0x243144]
V  [jvm.dll+0x299f7a]
C  [msvcr100.dll+0x21d9f]
C  [msvcr100.dll+0x21e3b]
C  [KERNEL32.DLL+0x18102]
C  [ntdll.dll+0x5c5b4]


---------------  P R O C E S S  ---------------

Java Threads: ( => current thread )
  0x00000000146c9000 JavaThread "Service Thread" daemon [_thread_blocked, id=13048, stack(0x0000000015b40000,0x0000000015c40000)]
  0x0000000014660800 JavaThread "C1 CompilerThread1" daemon [_thread_blocked, id=12476, stack(0x0000000015a40000,0x0000000015b40000)]
  0x000000001465d800 JavaThread "C2 CompilerThread0" daemon [_thread_blocked, id=12812, stack(0x0000000015940000,0x0000000015a40000)]
  0x000000001464d800 JavaThread "JDWP Command Reader" daemon [_thread_in_native, id=9520, stack(0x0000000015840000,0x0000000015940000)]
  0x0000000014640800 JavaThread "JDWP Event Helper Thread" daemon [_thread_blocked, id=8256, stack(0x0000000015740000,0x0000000015840000)]
=>0x000000001463e800 JavaThread "JDWP Transport Listener: dt_socket" daemon [_thread_in_vm, id=7152, stack(0x0000000015640000,0x0000000015740000)]
  0x000000001462d800 JavaThread "Attach Listener" daemon [_thread_blocked, id=4028, stack(0x0000000015540000,0x0000000015640000)]
  0x000000001462a800 JavaThread "Signal Dispatcher" daemon [_thread_blocked, id=2496, stack(0x0000000015440000,0x0000000015540000)]
  0x000000000228f000 JavaThread "Finalizer" daemon [_thread_blocked, id=11432, stack(0x0000000015260000,0x0000000015360000)]
  0x000000000228c800 JavaThread "Reference Handler" daemon [_thread_blocked, id=1308, stack(0x0000000015160000,0x0000000015260000)]
  0x00000000021a2800 JavaThread "main" [_thread_blocked, id=13024, stack(0x0000000001fd0000,0x00000000020d0000)]

Other Threads:
  0x00000000145f6000 VMThread [stack: 0x0000000015060000,0x0000000015160000] [id=12692]
  0x0000000015c49000 WatcherThread [stack: 0x0000000016040000,0x0000000016140000] [id=10592]

VM state:not at safepoint (normal execution)

VM Mutex/Monitor currently owned by a thread: None

Heap:
 PSYoungGen      total 18944K, used 2302K [0x00000000eb400000, 0x00000000ec900000, 0x0000000100000000)
  eden space 16384K, 14% used [0x00000000eb400000,0x00000000eb63f8a0,0x00000000ec400000)
  from space 2560K, 0% used [0x00000000ec680000,0x00000000ec680000,0x00000000ec900000)
  to   space 2560K, 0% used [0x00000000ec400000,0x00000000ec400000,0x00000000ec680000)
 ParOldGen       total 44032K, used 0K [0x00000000c1c00000, 0x00000000c4700000, 0x00000000eb400000)
  object space 44032K, 0% used [0x00000000c1c00000,0x00000000c1c00000,0x00000000c4700000)
 Metaspace       used 3518K, capacity 4534K, committed 4864K, reserved 1056768K
  class space    used 401K, capacity 426K, committed 512K, reserved 1048576K

Card table byte_map: [0x0000000011660000,0x0000000011860000] byte_map_base: 0x0000000011052000

Marking Bits: (ParMarkBitMap*) 0x00000000655fa5b0
 Begin Bits: [0x0000000011bb0000, 0x0000000012b40000)
 End Bits:   [0x0000000012b40000, 0x0000000013ad0000)

Polling page: 0x00000000006c0000

CodeCache: size=245760Kb used=1213Kb max_used=1213Kb free=244546Kb
 bounds [0x00000000022a0000, 0x0000000002510000, 0x00000000112a0000]
 total_blobs=318 nmethods=79 adapters=161
 compilation: enabled

Compilation events (10 events):
Event: 0.804 Thread 0x0000000014660800   75       3       java.util.StringTokenizer::scanToken (179 bytes)
Event: 0.808 Thread 0x0000000014660800 nmethod 75 0x00000000023caf10 code [0x00000000023cb1a0, 0x00000000023cc4d8]
Event: 0.808 Thread 0x0000000014660800   76       3       java.util.HashSet::add (20 bytes)
Event: 0.809 Thread 0x0000000014660800 nmethod 76 0x00000000023c8690 code [0x00000000023c8800, 0x00000000023c8aa8]
Event: 0.809 Thread 0x0000000014660800   77       3       java.util.StringTokenizer::skipDelimiters (116 bytes)
Event: 0.811 Thread 0x0000000014660800 nmethod 77 0x00000000023cccd0 code [0x00000000023ccee0, 0x00000000023cdab8]
Event: 0.814 Thread 0x0000000014660800   78       3       java.util.StringTokenizer::nextToken (92 bytes)
Event: 0.815 Thread 0x0000000014660800 nmethod 78 0x00000000023c7f50 code [0x00000000023c8100, 0x00000000023c84f8]
Event: 0.815 Thread 0x0000000014660800   79       3       java.util.StringTokenizer::hasMoreTokens (29 bytes)
Event: 0.816 Thread 0x0000000014660800 nmethod 79 0x00000000023cdfd0 code [0x00000000023ce140, 0x00000000023ce348]

GC Heap History (0 events):
No events

Deoptimization events (0 events):
No events

Internal exceptions (6 events):
Event: 0.119 Thread 0x00000000021a2800 Exception <a 'java/lang/NoSuchMethodError': Method sun.misc.Unsafe.defineClass(Ljava/lang/String;[BII)Ljava/lang/Class; name or signature does not match> (0x00000000eb413070) thrown at [C:\workspace\8-2-build-windows-amd64-cygwin\jdk8u65\4987\hotspot\src\so…–4∆væ?
Event: 0.119 Thread 0x00000000021a2800 Exception <a 'java/lang/NoSuchMethodError': Method sun.misc.Unsafe.prefetchRead(Ljava/lang/Object;J)V name or signature does not match> (0x00000000eb413358) thrown at [C:\workspace\8-2-build-windows-amd64-cygwin\jdk8u65\4987\hotspot\src\share\vm\prims\jni.Ü?(Ü{Á?
Event: 0.722 Thread 0x00000000021a2800 Exception <a 'java/security/PrivilegedActionException'> (0x00000000eb5b7088) thrown at [C:\workspace\8-2-build-windows-amd64-cygwin\jdk8u65\4987\hotspot\src\share\vm\prims\jvm.cpp, line 1386]
Event: 0.722 Thread 0x00000000021a2800 Exception <a 'java/security/PrivilegedActionException'> (0x00000000eb5b7480) thrown at [C:\workspace\8-2-build-windows-amd64-cygwin\jdk8u65\4987\hotspot\src\share\vm\prims\jvm.cpp, line 1386]
Event: 0.735 Thread 0x00000000021a2800 Exception <a 'java/security/PrivilegedActionException'> (0x00000000eb5bb4b0) thrown at [C:\workspace\8-2-build-windows-amd64-cygwin\jdk8u65\4987\hotspot\src\share\vm\prims\jvm.cpp, line 1386]
Event: 0.735 Thread 0x00000000021a2800 Exception <a 'java/security/PrivilegedActionException'> (0x00000000eb5bb8a8) thrown at [C:\workspace\8-2-build-windows-amd64-cygwin\jdk8u65\4987\hotspot\src\share\vm\prims\jvm.cpp, line 1386]

Events (10 events):
Event: 71.918 Executing VM operation: GetOrSetLocal
Event: 71.918 Executing VM operation: GetOrSetLocal done
Event: 71.918 Executing VM operation: GetOrSetLocal
Event: 71.918 Executing VM operation: GetOrSetLocal done
Event: 71.918 Executing VM operation: GetOrSetLocal
Event: 71.918 Executing VM operation: GetOrSetLocal done
Event: 322.069 Executing VM operation: ChangeBreakpoints
Event: 322.069 Executing VM operation: ChangeBreakpoints done
Event: 322.074 Executing VM operation: RedefineClasses
Event: 322.075 Executing VM operation: RedefineClasses done


Dynamic libraries:
0x00007ff656d50000 - 0x00007ff656d87000 	C:\Program Files\Java\jdk1.8.0_65\bin\java.exe
0x00007ffe3ffa0000 - 0x00007ffe40161000 	C:\WINDOWS\SYSTEM32\ntdll.dll
0x00007ffe3ef90000 - 0x00007ffe3f03d000 	C:\WINDOWS\system32\KERNEL32.DLL
0x00007ffe3d000000 - 0x00007ffe3d1e8000 	C:\WINDOWS\system32\KERNELBASE.dll
0x00007ffe3fdf0000 - 0x00007ffe3fe97000 	C:\WINDOWS\system32\ADVAPI32.dll
0x00007ffe3ff00000 - 0x00007ffe3ff9d000 	C:\WINDOWS\system32\msvcrt.dll
0x00007ffe3d7a0000 - 0x00007ffe3d7fb000 	C:\WINDOWS\system32\sechost.dll
0x00007ffe3d680000 - 0x00007ffe3d79c000 	C:\WINDOWS\system32\RPCRT4.dll
0x00007ffe3d500000 - 0x00007ffe3d656000 	C:\WINDOWS\system32\USER32.dll
0x00007ffe3f700000 - 0x00007ffe3f886000 	C:\WINDOWS\system32\GDI32.dll
0x00007ffe31b80000 - 0x00007ffe31df4000 	C:\WINDOWS\WinSxS\amd64_microsoft.windows.common-controls_6595b64144ccf1df_6.0.10586.0_none_8c15ae12515e1c22\COMCTL32.dll
0x00007ffe3f480000 - 0x00007ffe3f6fd000 	C:\WINDOWS\system32\combase.dll
0x00007ffe3c6b0000 - 0x00007ffe3c71a000 	C:\WINDOWS\system32\bcryptPrimitives.dll
0x00007ffe3f150000 - 0x00007ffe3f18b000 	C:\WINDOWS\system32\IMM32.DLL
0x0000000065680000 - 0x0000000065752000 	C:\Program Files\Java\jdk1.8.0_65\jre\bin\msvcr100.dll
0x0000000064df0000 - 0x0000000065679000 	C:\Program Files\Java\jdk1.8.0_65\jre\bin\server\jvm.dll
0x00007ffe3f900000 - 0x00007ffe3f908000 	C:\WINDOWS\system32\PSAPI.DLL
0x00007ffe31670000 - 0x00007ffe31679000 	C:\WINDOWS\SYSTEM32\WSOCK32.dll
0x00007ffe3f1f0000 - 0x00007ffe3f25b000 	C:\WINDOWS\system32\WS2_32.dll
0x00007ffe3ac20000 - 0x00007ffe3ac43000 	C:\WINDOWS\SYSTEM32\WINMM.dll
0x00007ffe2f1e0000 - 0x00007ffe2f1ea000 	C:\WINDOWS\SYSTEM32\VERSION.dll
0x00007ffe3abc0000 - 0x00007ffe3abec000 	C:\WINDOWS\SYSTEM32\WINMMBASE.dll
0x00007ffe3d2a0000 - 0x00007ffe3d2e3000 	C:\WINDOWS\system32\cfgmgr32.dll
0x0000000064de0000 - 0x0000000064def000 	C:\Program Files\Java\jdk1.8.0_65\jre\bin\verify.dll
0x0000000064db0000 - 0x0000000064dd9000 	C:\Program Files\Java\jdk1.8.0_65\jre\bin\java.dll
0x0000000064d50000 - 0x0000000064d85000 	C:\Program Files\Java\jdk1.8.0_65\jre\bin\jdwp.dll
0x0000000064d40000 - 0x0000000064d48000 	C:\Program Files\Java\jdk1.8.0_65\jre\bin\npt.dll
0x0000000064d90000 - 0x0000000064da6000 	C:\Program Files\Java\jdk1.8.0_65\jre\bin\zip.dll
0x00007ffe3d800000 - 0x00007ffe3ed5c000 	C:\WINDOWS\system32\SHELL32.dll
0x00007ffe3c7e0000 - 0x00007ffe3ce25000 	C:\WINDOWS\system32\windows.storage.dll
0x00007ffe3fea0000 - 0x00007ffe3fef2000 	C:\WINDOWS\system32\shlwapi.dll
0x00007ffe3c640000 - 0x00007ffe3c64f000 	C:\WINDOWS\system32\kernel.appcore.dll
0x00007ffe3c720000 - 0x00007ffe3c7d5000 	C:\WINDOWS\system32\shcore.dll
0x00007ffe3c5f0000 - 0x00007ffe3c63b000 	C:\WINDOWS\system32\powrprof.dll
0x00007ffe3c5c0000 - 0x00007ffe3c5d4000 	C:\WINDOWS\system32\profapi.dll
0x0000000064d30000 - 0x0000000064d39000 	C:\Program Files\Java\jdk1.8.0_65\jre\bin\dt_socket.dll
0x00007ffe3be90000 - 0x00007ffe3beec000 	C:\WINDOWS\system32\mswsock.dll
0x00007ffe2ca90000 - 0x00007ffe2cc1c000 	C:\WINDOWS\SYSTEM32\dbghelp.dll

VM Arguments:
jvm_args: -agentlib:jdwp=transport=dt_socket,address=127.0.0.1:52939,suspend=y,server=n -Dfile.encoding=UTF-8 
java_command: HeiganDance
java_class_path (initial): C:\Program Files\Java\jdk1.8.0_65\jre\lib\charsets.jar;C:\Program Files\Java\jdk1.8.0_65\jre\lib\deploy.jar;C:\Program Files\Java\jdk1.8.0_65\jre\lib\ext\access-bridge-64.jar;C:\Program Files\Java\jdk1.8.0_65\jre\lib\ext\cldrdata.jar;C:\Program Files\Java\jdk1.8.0_65\jre\lib\ext\dnsns.jar;C:\Program Files\Java\jdk1.8.0_65\jre\lib\ext\jaccess.jar;C:\Program Files\Java\jdk1.8.0_65\jre\lib\ext\jfxrt.jar;C:\Program Files\Java\jdk1.8.0_65\jre\lib\ext\localedata.jar;C:\Program Files\Java\jdk1.8.0_65\jre\lib\ext\nashorn.jar;C:\Program Files\Java\jdk1.8.0_65\jre\lib\ext\sunec.jar;C:\Program Files\Java\jdk1.8.0_65\jre\lib\ext\sunjce_provider.jar;C:\Program Files\Java\jdk1.8.0_65\jre\lib\ext\sunmscapi.jar;C:\Program Files\Java\jdk1.8.0_65\jre\lib\ext\sunpkcs11.jar;C:\Program Files\Java\jdk1.8.0_65\jre\lib\ext\zipfs.jar;C:\Program Files\Java\jdk1.8.0_65\jre\lib\javaws.jar;C:\Program Files\Java\jdk1.8.0_65\jre\lib\jce.jar;C:\Program Files\Java\jdk1.8.0_65\jre\lib\jfr.jar;C:\Program Files\Java\jdk1.8.0_65\jre\lib\jfxswt.jar;C:\Program Files\Java\jdk1.8.0_65\jre\lib\jsse.jar;C:\Program Files\Java\jdk1.8.0_65\jre\lib\management-agent.jar;C:\Program Files\Java\jdk1.8.0_65\jre\lib\plugin.jar;C:\Program Files\Java\jdk1.8.0_65\jre\lib\resources.jar;C:\Program Files\Java\jdk1.8.0_65\jre\lib\rt.jar;C:\Users\tanya\Documents\GitHub\ExAMS\out\production\ExAMS;C:\Program Files (x86)\JetBrains\IntelliJ IDEA Community Edition 15.0.2\lib\idea_rt.jar
Launcher Type: SUN_STANDARD

Environment Variables:
PATH=C:\ProgramData\Oracle\Java\javapath;C:\Program Files (x86)\Common Files\Intel\Shared Files\cpp\bin\Intel64;C:\Windows\Microsoft.NET\Framework64\v4.0.30319;C:\Program Files\Microsoft SQL Server\110\Tools\Binn\;C:\Program Files (x86)\Microsoft SDKs\TypeScript\1.0\;C:\Program Files (x86)\Clean Project\;C:\Program Files (x86)\Skype\Phone\;C:\Program Files (x86)\Microsoft SQL Server\Client SDK\ODBC\110\Tools\Binn\;C:\Program Files (x86)\Microsoft SQL Server\120\Tools\Binn\ManagementStudio\;C:\Program Files (x86)\Microsoft SQL Server\120\Tools\Binn\;C:\Program Files (x86)\Microsoft SQL Server\120\DTS\Binn\;C:\Program Files (x86)\Heroku\bin;C:\Program Files (x86)\git\cmd;C:\Program Files\MongoDB\Server\3.0\bin;C:\Program Files\Microsoft\Web Platform Installer\;C:\Program Files\nodejs\;C:\WINDOWS\system32\config\systemprofile\.dnx\bin;C:\Program Files\Microsoft DNX\Dnvm;C:\Program Files\Java\jdk1.8.0_65\bin;C:\Program Files (x86)\Windows Kits\8.1\Windows Performance Toolkit\;C:\Program Files\TortoiseSVN\bin;C:\WINDOWS\system32;C:\WINDOWS;C:\WINDOWS\System32\Wbem;C:\WINDOWS\System32\WindowsPowerShell\v1.0\;C:\Program Files\TortoiseGit\bin;C:\Python\Python35-32\Scripts\;C:\Python\Python35-32\;C:\Users\tanya\AppData\Roaming\npm;C:\Users\tanya\AppData\Roaming\Microsoft\Windows\Start Menu\Programs\Python 3.5
USERNAME=tanya
OS=Windows_NT
PROCESSOR_IDENTIFIER=Intel64 Family 6 Model 55 Stepping 8, GenuineIntel



---------------  S Y S T E M  ---------------

OS: Windows 10.0 , 64 bit Build 10586 (10.0.10586.0)

CPU:total 2 (2 cores per cpu, 1 threads per core) family 6 model 55 stepping 8, cmov, cx8, fxsr, mmx, sse, sse2, sse3, ssse3, sse4.1, sse4.2, popcnt, clmul, erms, 3dnowpref, tsc, tscinvbit

Memory: 4k page, physical 4074704k(770640k free), swap 12463312k(6338156k free)

vm_info: Java HotSpot(TM) 64-Bit Server VM (25.65-b01) for windows-amd64 JRE (1.8.0_65-b17), built on Oct  6 2015 16:39:20 by "java_re" with MS VC++ 10.0 (VS2010)

time: Sun Apr 10 16:13:14 2016
elapsed time: 322 seconds (0d 0h 5m 22s)

